This is pdfTeX, Version 3.141592653-2.6-1.40.25 (TeX Live 2023) (preloaded format=pdflatex 2023.11.8)  14 NOV 2023 09:34
entering extended mode
 restricted \write18 enabled.
 %&-line parsing enabled.
**q
(/usr/local/texlive/2023basic/texmf-dist/tex/latex/tools/q.tex
LaTeX2e <2023-11-01>
L3 programming layer <2023-11-01>
File ignored
)
! Emergency stop.
<*> q
     
*** (job aborted, no legal \end found)

 
Here is how much of TeX's memory you used:
 17 strings out of 475729
 525 string characters out of 5782024
 1923530 words of memory out of 5000000
 22108 multiletter control sequences out of 15000+600000
 558069 words of font info for 36 fonts, out of 8000000 for 9000
 319 hyphenation exceptions out of 8191
 12i,0n,13p,81b,8s stack positions out of 10000i,1000n,20000p,200000b,200000s
!  ==> Fatal error occurred, no output PDF file produced!
